<?xml version="1.0" encoding="UTF-8"?>
<testng-results ignored="0" total="1" passed="1" failed="0" skipped="0">
  <reporter-output>
  </reporter-output>
  <suite started-at="2026-04-15T13:35:07 IST" name="Default suite" finished-at="2026-04-15T13:35:34 IST" duration-ms="27652">
    <groups>
    </groups>
    <test started-at="2026-04-15T13:35:07 IST" name="Default test" finished-at="2026-04-15T13:35:34 IST" duration-ms="27652">
      <class name="testcases.TC_Restaurant_DineIN">
        <test-method is-config="true" signature="setup()[pri:0, instance:testcases.TC_Restaurant_DineIN@3b4d50b]" started-at="2026-04-15T13:34:54 IST" name="setup" finished-at="2026-04-15T13:35:07 IST" duration-ms="12562" status="PASS">
          <reporter-output>
          </reporter-output>
        </test-method> <!-- setup -->
        <test-method signature="tc()[pri:0, instance:testcases.TC_Restaurant_DineIN@3b4d50b]" started-at="2026-04-15T13:35:07 IST" name="tc" finished-at="2026-04-15T13:35:34 IST" duration-ms="27441" status="PASS">
          <reporter-output>
          </reporter-output>
        </test-method> <!-- tc -->
        <test-method is-config="true" signature="tearDown()[pri:0, instance:testcases.TC_Restaurant_DineIN@3b4d50b]" started-at="2026-04-15T13:35:34 IST" name="tearDown" finished-at="2026-04-15T13:35:35 IST" duration-ms="932" status="PASS">
          <reporter-output>
          </reporter-output>
        </test-method> <!-- tearDown -->
      </class> <!-- testcases.TC_Restaurant_DineIN -->
    </test> <!-- Default test -->
  </suite> <!-- Default suite -->
</testng-results>
